[0.202s] DEBUG:colcon:Command line arguments: ['/usr/bin/colcon', 'build']
[0.202s] DEBUG:colcon:Parsed command line arguments: Namespace(log_base=None, log_level=None, verb_name='build', build_base='build', install_base='install', merge_install=False, symlink_install=False, test_result_base=None, continue_on_error=False, executor='parallel', parallel_workers=20, event_handlers=None, ignore_user_meta=False, metas=['./colcon.meta'], base_paths=['.'], packages_ignore=None, packages_ignore_regex=None, paths=None, packages_up_to=None, packages_up_to_regex=None, packages_above=None, packages_above_and_dependencies=None, packages_above_depth=None, packages_select_by_dep=None, packages_skip_by_dep=None, packages_skip_up_to=None, packages_select_build_failed=False, packages_skip_build_finished=False, packages_select_test_failures=False, packages_skip_test_passed=False, packages_select=None, packages_skip=None, packages_select_regex=None, packages_skip_regex=None, packages_start=None, packages_end=None, cmake_args=None, cmake_target=None, cmake_target_skip_unavailable=False, cmake_clean_cache=False, cmake_clean_first=False, cmake_force_configure=False, ament_cmake_args=None, catkin_cmake_args=None, catkin_skip_building_tests=False, mixin_files=None, mixin=None, verb_parser=<colcon_mixin.mixin.mixin_argument.MixinArgumentDecorator object at 0x7f057aca4310>, verb_extension=<colcon_core.verb.build.BuildVerb object at 0x7f057addca00>, main=<bound method BuildVerb.main of <colcon_core.verb.build.BuildVerb object at 0x7f057addca00>>, mixin_verb=('build',))
[0.454s] Level 1:colcon.colcon_core.package_discovery:discover_packages(colcon_meta) check parameters
[0.456s] Level 1:colcon.colcon_core.package_discovery:discover_packages(recursive) check parameters
[0.456s] Level 1:colcon.colcon_core.package_discovery:discover_packages(ignore) check parameters
[0.457s] Level 1:colcon.colcon_core.package_discovery:discover_packages(path) check parameters
[0.458s] Level 1:colcon.colcon_core.package_discovery:discover_packages(colcon_meta) discover
[0.458s] Level 1:colcon.colcon_core.package_discovery:discover_packages(recursive) discover
[0.459s] INFO:colcon.colcon_core.package_discovery:Crawling recursively for packages in '/sick_visionary_ros2/sick_visionary_ros2'
[0.463s] Level 1:colcon.colcon_core.package_identification:_identify(.) by extensions ['ignore', 'ignore_ament_install']
[0.464s] Level 1:colcon.colcon_core.package_identification:_identify(.) by extension 'ignore'
[0.465s] Level 1:colcon.colcon_core.package_identification:_identify(.) by extension 'ignore_ament_install'
[0.467s] Level 1:colcon.colcon_core.package_identification:_identify(.) by extensions ['colcon_pkg']
[0.467s] Level 1:colcon.colcon_core.package_identification:_identify(.) by extension 'colcon_pkg'
[0.468s] Level 1:colcon.colcon_core.package_identification:_identify(.) by extensions ['colcon_meta']
[0.469s] Level 1:colcon.colcon_core.package_identification:_identify(.) by extension 'colcon_meta'
[0.469s] Level 1:colcon.colcon_core.package_identification:_identify(.) by extensions ['ros']
[0.469s] Level 1:colcon.colcon_core.package_identification:_identify(.) by extension 'ros'
[0.499s] DEBUG:colcon.colcon_core.package_identification:Package '.' with type 'ros.ament_cmake' and name 'sick_visionary_ros2'
[0.500s] Level 1:colcon.colcon_core.package_discovery:discover_packages(recursive) using defaults
[0.500s] Level 1:colcon.colcon_core.package_discovery:discover_packages(ignore) discover
[0.501s] Level 1:colcon.colcon_core.package_discovery:discover_packages(ignore) using defaults
[0.501s] Level 1:colcon.colcon_core.package_discovery:discover_packages(path) discover
[0.502s] Level 1:colcon.colcon_core.package_discovery:discover_packages(path) using defaults
[0.546s] Level 5:colcon.colcon_core.verb:set package 'sick_visionary_ros2' build argument 'cmake_args' from command line to 'None'
[0.547s] Level 5:colcon.colcon_core.verb:set package 'sick_visionary_ros2' build argument 'cmake_target' from command line to 'None'
[0.547s] Level 5:colcon.colcon_core.verb:set package 'sick_visionary_ros2' build argument 'cmake_target_skip_unavailable' from command line to 'False'
[0.548s] Level 5:colcon.colcon_core.verb:set package 'sick_visionary_ros2' build argument 'cmake_clean_cache' from command line to 'False'
[0.548s] Level 5:colcon.colcon_core.verb:set package 'sick_visionary_ros2' build argument 'cmake_clean_first' from command line to 'False'
[0.549s] Level 5:colcon.colcon_core.verb:set package 'sick_visionary_ros2' build argument 'cmake_force_configure' from command line to 'False'
[0.549s] Level 5:colcon.colcon_core.verb:set package 'sick_visionary_ros2' build argument 'ament_cmake_args' from command line to 'None'
[0.550s] Level 5:colcon.colcon_core.verb:set package 'sick_visionary_ros2' build argument 'catkin_cmake_args' from command line to 'None'
[0.550s] Level 5:colcon.colcon_core.verb:set package 'sick_visionary_ros2' build argument 'catkin_skip_building_tests' from command line to 'False'
[0.551s] DEBUG:colcon.colcon_core.verb:Building package 'sick_visionary_ros2' with the following arguments: {'ament_cmake_args': None, 'build_base': '/sick_visionary_ros2/sick_visionary_ros2/build/sick_visionary_ros2', 'catkin_cmake_args': None, 'catkin_skip_building_tests': False, 'cmake_args': None, 'cmake_clean_cache': False, 'cmake_clean_first': False, 'cmake_force_configure': False, 'cmake_target': None, 'cmake_target_skip_unavailable': False, 'install_base': '/sick_visionary_ros2/sick_visionary_ros2/install/sick_visionary_ros2', 'merge_install': False, 'path': '/sick_visionary_ros2/sick_visionary_ros2', 'symlink_install': False, 'test_result_base': None}
[0.551s] INFO:colcon.colcon_core.executor:Executing jobs using 'parallel' executor
[0.553s] DEBUG:colcon.colcon_parallel_executor.executor.parallel:run_until_complete
[0.554s] INFO:colcon.colcon_ros.task.ament_cmake.build:Building ROS package in '/sick_visionary_ros2/sick_visionary_ros2' with build type 'ament_cmake'
[0.554s] INFO:colcon.colcon_cmake.task.cmake.build:Building CMake package in '/sick_visionary_ros2/sick_visionary_ros2'
[0.559s] INFO:colcon.colcon_core.plugin_system:Skipping extension 'colcon_core.shell.bat': Not used on non-Windows systems
[0.560s] INFO:colcon.colcon_core.shell:Skip shell extension 'powershell' for command environment: Not usable outside of PowerShell
[0.561s] DEBUG:colcon.colcon_core.shell:Skip shell extension 'dsv' for command environment
[0.635s] DEBUG:colcon.colcon_core.event_handler.log_command:Invoking command in '/sick_visionary_ros2/sick_visionary_ros2/build/sick_visionary_ros2': CMAKE_PREFIX_PATH=/opt/ros/humble /usr/bin/cmake /sick_visionary_ros2/sick_visionary_ros2 -DCMAKE_INSTALL_PREFIX=/sick_visionary_ros2/sick_visionary_ros2/install/sick_visionary_ros2
[13.733s] DEBUG:colcon.colcon_core.event_handler.log_command:Invoked command in '/sick_visionary_ros2/sick_visionary_ros2/build/sick_visionary_ros2' returned '0': CMAKE_PREFIX_PATH=/opt/ros/humble /usr/bin/cmake /sick_visionary_ros2/sick_visionary_ros2 -DCMAKE_INSTALL_PREFIX=/sick_visionary_ros2/sick_visionary_ros2/install/sick_visionary_ros2
[13.763s] DEBUG:colcon.colcon_core.event_handler.log_command:Invoking command in '/sick_visionary_ros2/sick_visionary_ros2/build/sick_visionary_ros2': CMAKE_PREFIX_PATH=/opt/ros/humble /usr/bin/cmake --build /sick_visionary_ros2/sick_visionary_ros2/build/sick_visionary_ros2 -- -j20 -l20
[13.914s] DEBUG:colcon.colcon_core.event_handler.log_command:Invoked command in '/sick_visionary_ros2/sick_visionary_ros2/build/sick_visionary_ros2' returned '0': CMAKE_PREFIX_PATH=/opt/ros/humble /usr/bin/cmake --build /sick_visionary_ros2/sick_visionary_ros2/build/sick_visionary_ros2 -- -j20 -l20
[14.012s] DEBUG:colcon.colcon_core.event_handler.log_command:Invoking command in '/sick_visionary_ros2/sick_visionary_ros2/build/sick_visionary_ros2': CMAKE_PREFIX_PATH=/opt/ros/humble /usr/bin/cmake --install /sick_visionary_ros2/sick_visionary_ros2/build/sick_visionary_ros2
[16.288s] Level 1:colcon.colcon_core.environment:create_environment_scripts_only(sick_visionary_ros2)
[16.291s] DEBUG:colcon.colcon_core.event_handler.log_command:Invoked command in '/sick_visionary_ros2/sick_visionary_ros2/build/sick_visionary_ros2' returned '0': CMAKE_PREFIX_PATH=/opt/ros/humble /usr/bin/cmake --install /sick_visionary_ros2/sick_visionary_ros2/build/sick_visionary_ros2
[16.294s] Level 1:colcon.colcon_core.environment:checking '/sick_visionary_ros2/sick_visionary_ros2/install/sick_visionary_ros2' for CMake module files
[16.411s] Level 1:colcon.colcon_core.environment:checking '/sick_visionary_ros2/sick_visionary_ros2/install/sick_visionary_ros2' for CMake config files
[16.544s] Level 1:colcon.colcon_core.shell:create_environment_hook('sick_visionary_ros2', 'cmake_prefix_path')
[16.546s] INFO:colcon.colcon_core.shell:Creating environment hook '/sick_visionary_ros2/sick_visionary_ros2/install/sick_visionary_ros2/share/sick_visionary_ros2/hook/cmake_prefix_path.ps1'
[16.563s] INFO:colcon.colcon_core.shell:Creating environment descriptor '/sick_visionary_ros2/sick_visionary_ros2/install/sick_visionary_ros2/share/sick_visionary_ros2/hook/cmake_prefix_path.dsv'
[16.586s] INFO:colcon.colcon_core.shell:Creating environment hook '/sick_visionary_ros2/sick_visionary_ros2/install/sick_visionary_ros2/share/sick_visionary_ros2/hook/cmake_prefix_path.sh'
[16.617s] Level 1:colcon.colcon_core.environment:checking '/sick_visionary_ros2/sick_visionary_ros2/install/sick_visionary_ros2/bin'
[16.621s] Level 1:colcon.colcon_core.environment:checking '/sick_visionary_ros2/sick_visionary_ros2/install/sick_visionary_ros2/lib/pkgconfig/sick_visionary_ros2.pc'
[16.626s] Level 1:colcon.colcon_core.environment:checking '/sick_visionary_ros2/sick_visionary_ros2/install/sick_visionary_ros2/lib/python3.10/site-packages'
[16.631s] Level 1:colcon.colcon_core.environment:checking '/sick_visionary_ros2/sick_visionary_ros2/install/sick_visionary_ros2/bin'
[16.635s] INFO:colcon.colcon_core.shell:Creating package script '/sick_visionary_ros2/sick_visionary_ros2/install/sick_visionary_ros2/share/sick_visionary_ros2/package.ps1'
[16.665s] INFO:colcon.colcon_core.shell:Creating package descriptor '/sick_visionary_ros2/sick_visionary_ros2/install/sick_visionary_ros2/share/sick_visionary_ros2/package.dsv'
[16.700s] INFO:colcon.colcon_core.shell:Creating package script '/sick_visionary_ros2/sick_visionary_ros2/install/sick_visionary_ros2/share/sick_visionary_ros2/package.sh'
[16.730s] INFO:colcon.colcon_core.shell:Creating package script '/sick_visionary_ros2/sick_visionary_ros2/install/sick_visionary_ros2/share/sick_visionary_ros2/package.bash'
[16.761s] INFO:colcon.colcon_core.shell:Creating package script '/sick_visionary_ros2/sick_visionary_ros2/install/sick_visionary_ros2/share/sick_visionary_ros2/package.zsh'
[16.783s] Level 1:colcon.colcon_core.environment:create_file_with_runtime_dependencies(/sick_visionary_ros2/sick_visionary_ros2/install/sick_visionary_ros2/share/colcon-core/packages/sick_visionary_ros2)
[16.860s] Level 1:colcon.colcon_core.environment:create_environment_scripts_only(sick_visionary_ros2)
[16.861s] Level 1:colcon.colcon_core.environment:checking '/sick_visionary_ros2/sick_visionary_ros2/install/sick_visionary_ros2' for CMake module files
[17.024s] Level 1:colcon.colcon_core.environment:checking '/sick_visionary_ros2/sick_visionary_ros2/install/sick_visionary_ros2' for CMake config files
[17.139s] Level 1:colcon.colcon_core.shell:create_environment_hook('sick_visionary_ros2', 'cmake_prefix_path')
[17.140s] INFO:colcon.colcon_core.shell:Creating environment hook '/sick_visionary_ros2/sick_visionary_ros2/install/sick_visionary_ros2/share/sick_visionary_ros2/hook/cmake_prefix_path.ps1'
[17.167s] INFO:colcon.colcon_core.shell:Creating environment descriptor '/sick_visionary_ros2/sick_visionary_ros2/install/sick_visionary_ros2/share/sick_visionary_ros2/hook/cmake_prefix_path.dsv'
[17.193s] INFO:colcon.colcon_core.shell:Creating environment hook '/sick_visionary_ros2/sick_visionary_ros2/install/sick_visionary_ros2/share/sick_visionary_ros2/hook/cmake_prefix_path.sh'
[17.220s] Level 1:colcon.colcon_core.environment:checking '/sick_visionary_ros2/sick_visionary_ros2/install/sick_visionary_ros2/bin'
[17.223s] Level 1:colcon.colcon_core.environment:checking '/sick_visionary_ros2/sick_visionary_ros2/install/sick_visionary_ros2/lib/pkgconfig/sick_visionary_ros2.pc'
[17.227s] Level 1:colcon.colcon_core.environment:checking '/sick_visionary_ros2/sick_visionary_ros2/install/sick_visionary_ros2/lib/python3.10/site-packages'
[17.231s] Level 1:colcon.colcon_core.environment:checking '/sick_visionary_ros2/sick_visionary_ros2/install/sick_visionary_ros2/bin'
[17.235s] INFO:colcon.colcon_core.shell:Creating package script '/sick_visionary_ros2/sick_visionary_ros2/install/sick_visionary_ros2/share/sick_visionary_ros2/package.ps1'
[17.266s] INFO:colcon.colcon_core.shell:Creating package descriptor '/sick_visionary_ros2/sick_visionary_ros2/install/sick_visionary_ros2/share/sick_visionary_ros2/package.dsv'
[17.293s] INFO:colcon.colcon_core.shell:Creating package script '/sick_visionary_ros2/sick_visionary_ros2/install/sick_visionary_ros2/share/sick_visionary_ros2/package.sh'
[17.323s] INFO:colcon.colcon_core.shell:Creating package script '/sick_visionary_ros2/sick_visionary_ros2/install/sick_visionary_ros2/share/sick_visionary_ros2/package.bash'
[17.344s] INFO:colcon.colcon_core.shell:Creating package script '/sick_visionary_ros2/sick_visionary_ros2/install/sick_visionary_ros2/share/sick_visionary_ros2/package.zsh'
[17.367s] Level 1:colcon.colcon_core.environment:create_file_with_runtime_dependencies(/sick_visionary_ros2/sick_visionary_ros2/install/sick_visionary_ros2/share/colcon-core/packages/sick_visionary_ros2)
[17.381s] DEBUG:colcon.colcon_parallel_executor.executor.parallel:closing loop
[17.382s] DEBUG:colcon.colcon_parallel_executor.executor.parallel:loop closed
[17.383s] DEBUG:colcon.colcon_parallel_executor.executor.parallel:run_until_complete finished with '0'
[17.383s] DEBUG:colcon.colcon_core.event_reactor:joining thread
[17.412s] INFO:colcon.colcon_core.plugin_system:Skipping extension 'colcon_notification.desktop_notification.notify_send': Could not find 'notify-send'
[17.413s] INFO:colcon.colcon_core.plugin_system:Skipping extension 'colcon_notification.desktop_notification.terminal_notifier': Not used on non-Darwin systems
[17.414s] INFO:colcon.colcon_core.plugin_system:Skipping extension 'colcon_notification.desktop_notification.win32': Not used on non-Windows systems
[17.414s] INFO:colcon.colcon_notification.desktop_notification:Sending desktop notification using 'notify2'
[17.418s] DEBUG:colcon.colcon_notification.desktop_notification.notify2:Failed to initialize notify2: org.freedesktop.DBus.Error.Spawn.ExecFailed: /usr/bin/dbus-launch terminated abnormally without any error message
[17.419s] DEBUG:colcon.colcon_core.event_reactor:joined thread
[17.420s] INFO:colcon.colcon_core.shell:Creating prefix script '/sick_visionary_ros2/sick_visionary_ros2/install/local_setup.ps1'
[17.435s] INFO:colcon.colcon_core.shell:Creating prefix util module '/sick_visionary_ros2/sick_visionary_ros2/install/_local_setup_util_ps1.py'
[17.452s] INFO:colcon.colcon_core.shell:Creating prefix chain script '/sick_visionary_ros2/sick_visionary_ros2/install/setup.ps1'
[17.467s] INFO:colcon.colcon_core.shell:Creating prefix script '/sick_visionary_ros2/sick_visionary_ros2/install/local_setup.sh'
[17.479s] INFO:colcon.colcon_core.shell:Creating prefix util module '/sick_visionary_ros2/sick_visionary_ros2/install/_local_setup_util_sh.py'
[17.491s] INFO:colcon.colcon_core.shell:Creating prefix chain script '/sick_visionary_ros2/sick_visionary_ros2/install/setup.sh'
[17.506s] INFO:colcon.colcon_core.shell:Creating prefix script '/sick_visionary_ros2/sick_visionary_ros2/install/local_setup.bash'
[17.517s] INFO:colcon.colcon_core.shell:Creating prefix chain script '/sick_visionary_ros2/sick_visionary_ros2/install/setup.bash'
[17.528s] INFO:colcon.colcon_core.shell:Creating prefix script '/sick_visionary_ros2/sick_visionary_ros2/install/local_setup.zsh'
[17.537s] INFO:colcon.colcon_core.shell:Creating prefix chain script '/sick_visionary_ros2/sick_visionary_ros2/install/setup.zsh'
