[0.301s] DEBUG:colcon:Command line arguments: ['/usr/bin/colcon', 'build']
[0.302s] DEBUG:colcon:Parsed command line arguments: Namespace(log_base=None, log_level=None, verb_name='build', build_base='build', install_base='install', merge_install=False, symlink_install=False, test_result_base=None, continue_on_error=False, executor='parallel', parallel_workers=20, event_handlers=None, ignore_user_meta=False, metas=['./colcon.meta'], base_paths=['.'], packages_ignore=None, packages_ignore_regex=None, paths=None, packages_up_to=None, packages_up_to_regex=None, packages_above=None, packages_above_and_dependencies=None, packages_above_depth=None, packages_select_by_dep=None, packages_skip_by_dep=None, packages_skip_up_to=None, packages_select_build_failed=False, packages_skip_build_finished=False, packages_select_test_failures=False, packages_skip_test_passed=False, packages_select=None, packages_skip=None, packages_select_regex=None, packages_skip_regex=None, packages_start=None, packages_end=None, cmake_args=None, cmake_target=None, cmake_target_skip_unavailable=False, cmake_clean_cache=False, cmake_clean_first=False, cmake_force_configure=False, ament_cmake_args=None, catkin_cmake_args=None, catkin_skip_building_tests=False, mixin_files=None, mixin=None, verb_parser=<colcon_mixin.mixin.mixin_argument.MixinArgumentDecorator object at 0x7fd1f5dd0310>, verb_extension=<colcon_core.verb.build.BuildVerb object at 0x7fd1f5f14a00>, main=<bound method BuildVerb.main of <colcon_core.verb.build.BuildVerb object at 0x7fd1f5f14a00>>, mixin_verb=('build',))
[0.567s] Level 1:colcon.colcon_core.package_discovery:discover_packages(colcon_meta) check parameters
[0.569s] Level 1:colcon.colcon_core.package_discovery:discover_packages(recursive) check parameters
[0.569s] Level 1:colcon.colcon_core.package_discovery:discover_packages(ignore) check parameters
[0.570s] Level 1:colcon.colcon_core.package_discovery:discover_packages(path) check parameters
[0.571s] Level 1:colcon.colcon_core.package_discovery:discover_packages(colcon_meta) discover
[0.571s] Level 1:colcon.colcon_core.package_discovery:discover_packages(recursive) discover
[0.572s] INFO:colcon.colcon_core.package_discovery:Crawling recursively for packages in '/sick_visionary_ros2/sick_visionary_ros2'
[0.577s] Level 1:colcon.colcon_core.package_identification:_identify(.) by extensions ['ignore', 'ignore_ament_install']
[0.577s] Level 1:colcon.colcon_core.package_identification:_identify(.) by extension 'ignore'
[0.579s] Level 1:colcon.colcon_core.package_identification:_identify(.) by extension 'ignore_ament_install'
[0.580s] Level 1:colcon.colcon_core.package_identification:_identify(.) by extensions ['colcon_pkg']
[0.581s] Level 1:colcon.colcon_core.package_identification:_identify(.) by extension 'colcon_pkg'
[0.582s] Level 1:colcon.colcon_core.package_identification:_identify(.) by extensions ['colcon_meta']
[0.583s] Level 1:colcon.colcon_core.package_identification:_identify(.) by extension 'colcon_meta'
[0.583s] Level 1:colcon.colcon_core.package_identification:_identify(.) by extensions ['ros']
[0.584s] Level 1:colcon.colcon_core.package_identification:_identify(.) by extension 'ros'
[0.620s] DEBUG:colcon.colcon_core.package_identification:Package '.' with type 'ros.ament_cmake' and name 'sick_visionary_ros2'
[0.621s] Level 1:colcon.colcon_core.package_discovery:discover_packages(recursive) using defaults
[0.622s] Level 1:colcon.colcon_core.package_discovery:discover_packages(ignore) discover
[0.622s] Level 1:colcon.colcon_core.package_discovery:discover_packages(ignore) using defaults
[0.623s] Level 1:colcon.colcon_core.package_discovery:discover_packages(path) discover
[0.623s] Level 1:colcon.colcon_core.package_discovery:discover_packages(path) using defaults
[0.666s] Level 5:colcon.colcon_core.verb:set package 'sick_visionary_ros2' build argument 'cmake_args' from command line to 'None'
[0.667s] Level 5:colcon.colcon_core.verb:set package 'sick_visionary_ros2' build argument 'cmake_target' from command line to 'None'
[0.667s] Level 5:colcon.colcon_core.verb:set package 'sick_visionary_ros2' build argument 'cmake_target_skip_unavailable' from command line to 'False'
[0.668s] Level 5:colcon.colcon_core.verb:set package 'sick_visionary_ros2' build argument 'cmake_clean_cache' from command line to 'False'
[0.669s] Level 5:colcon.colcon_core.verb:set package 'sick_visionary_ros2' build argument 'cmake_clean_first' from command line to 'False'
[0.669s] Level 5:colcon.colcon_core.verb:set package 'sick_visionary_ros2' build argument 'cmake_force_configure' from command line to 'False'
[0.670s] Level 5:colcon.colcon_core.verb:set package 'sick_visionary_ros2' build argument 'ament_cmake_args' from command line to 'None'
[0.671s] Level 5:colcon.colcon_core.verb:set package 'sick_visionary_ros2' build argument 'catkin_cmake_args' from command line to 'None'
[0.671s] Level 5:colcon.colcon_core.verb:set package 'sick_visionary_ros2' build argument 'catkin_skip_building_tests' from command line to 'False'
[0.672s] DEBUG:colcon.colcon_core.verb:Building package 'sick_visionary_ros2' with the following arguments: {'ament_cmake_args': None, 'build_base': '/sick_visionary_ros2/sick_visionary_ros2/build/sick_visionary_ros2', 'catkin_cmake_args': None, 'catkin_skip_building_tests': False, 'cmake_args': None, 'cmake_clean_cache': False, 'cmake_clean_first': False, 'cmake_force_configure': False, 'cmake_target': None, 'cmake_target_skip_unavailable': False, 'install_base': '/sick_visionary_ros2/sick_visionary_ros2/install/sick_visionary_ros2', 'merge_install': False, 'path': '/sick_visionary_ros2/sick_visionary_ros2', 'symlink_install': False, 'test_result_base': None}
[0.672s] INFO:colcon.colcon_core.executor:Executing jobs using 'parallel' executor
[0.674s] DEBUG:colcon.colcon_parallel_executor.executor.parallel:run_until_complete
[0.675s] INFO:colcon.colcon_ros.task.ament_cmake.build:Building ROS package in '/sick_visionary_ros2/sick_visionary_ros2' with build type 'ament_cmake'
[0.676s] INFO:colcon.colcon_cmake.task.cmake.build:Building CMake package in '/sick_visionary_ros2/sick_visionary_ros2'
[0.681s] INFO:colcon.colcon_core.plugin_system:Skipping extension 'colcon_core.shell.bat': Not used on non-Windows systems
[0.682s] INFO:colcon.colcon_core.shell:Skip shell extension 'powershell' for command environment: Not usable outside of PowerShell
[0.682s] DEBUG:colcon.colcon_core.shell:Skip shell extension 'dsv' for command environment
[0.823s] DEBUG:colcon.colcon_core.event_handler.log_command:Invoking command in '/sick_visionary_ros2/sick_visionary_ros2/build/sick_visionary_ros2': CMAKE_PREFIX_PATH=/opt/ros/humble /usr/bin/cmake --build /sick_visionary_ros2/sick_visionary_ros2/build/sick_visionary_ros2 -- -j20 -l20
[43.270s] DEBUG:colcon.colcon_core.event_handler.log_command:Invoked command in '/sick_visionary_ros2/sick_visionary_ros2/build/sick_visionary_ros2' returned '2': CMAKE_PREFIX_PATH=/opt/ros/humble /usr/bin/cmake --build /sick_visionary_ros2/sick_visionary_ros2/build/sick_visionary_ros2 -- -j20 -l20
[43.346s] Level 1:colcon.colcon_core.environment:create_environment_scripts_only(sick_visionary_ros2)
[43.350s] Level 1:colcon.colcon_core.environment:checking '/sick_visionary_ros2/sick_visionary_ros2/install/sick_visionary_ros2' for CMake module files
[43.482s] Level 1:colcon.colcon_core.environment:checking '/sick_visionary_ros2/sick_visionary_ros2/install/sick_visionary_ros2' for CMake config files
[43.586s] Level 1:colcon.colcon_core.shell:create_environment_hook('sick_visionary_ros2', 'cmake_prefix_path')
[43.587s] INFO:colcon.colcon_core.shell:Creating environment hook '/sick_visionary_ros2/sick_visionary_ros2/install/sick_visionary_ros2/share/sick_visionary_ros2/hook/cmake_prefix_path.ps1'
[43.609s] INFO:colcon.colcon_core.shell:Creating environment descriptor '/sick_visionary_ros2/sick_visionary_ros2/install/sick_visionary_ros2/share/sick_visionary_ros2/hook/cmake_prefix_path.dsv'
[43.630s] INFO:colcon.colcon_core.shell:Creating environment hook '/sick_visionary_ros2/sick_visionary_ros2/install/sick_visionary_ros2/share/sick_visionary_ros2/hook/cmake_prefix_path.sh'
[43.657s] Level 1:colcon.colcon_core.environment:checking '/sick_visionary_ros2/sick_visionary_ros2/install/sick_visionary_ros2/bin'
[43.660s] Level 1:colcon.colcon_core.environment:checking '/sick_visionary_ros2/sick_visionary_ros2/install/sick_visionary_ros2/lib/pkgconfig/sick_visionary_ros2.pc'
[43.665s] Level 1:colcon.colcon_core.environment:checking '/sick_visionary_ros2/sick_visionary_ros2/install/sick_visionary_ros2/lib/python3.10/site-packages'
[43.667s] Level 1:colcon.colcon_core.environment:checking '/sick_visionary_ros2/sick_visionary_ros2/install/sick_visionary_ros2/bin'
[43.670s] INFO:colcon.colcon_core.shell:Creating package script '/sick_visionary_ros2/sick_visionary_ros2/install/sick_visionary_ros2/share/sick_visionary_ros2/package.ps1'
[43.698s] INFO:colcon.colcon_core.shell:Creating package descriptor '/sick_visionary_ros2/sick_visionary_ros2/install/sick_visionary_ros2/share/sick_visionary_ros2/package.dsv'
[43.722s] INFO:colcon.colcon_core.shell:Creating package script '/sick_visionary_ros2/sick_visionary_ros2/install/sick_visionary_ros2/share/sick_visionary_ros2/package.sh'
[43.747s] INFO:colcon.colcon_core.shell:Creating package script '/sick_visionary_ros2/sick_visionary_ros2/install/sick_visionary_ros2/share/sick_visionary_ros2/package.bash'
[43.771s] INFO:colcon.colcon_core.shell:Creating package script '/sick_visionary_ros2/sick_visionary_ros2/install/sick_visionary_ros2/share/sick_visionary_ros2/package.zsh'
[43.799s] Level 1:colcon.colcon_core.environment:create_file_with_runtime_dependencies(/sick_visionary_ros2/sick_visionary_ros2/install/sick_visionary_ros2/share/colcon-core/packages/sick_visionary_ros2)
[43.828s] DEBUG:colcon.colcon_parallel_executor.executor.parallel:closing loop
[43.829s] DEBUG:colcon.colcon_parallel_executor.executor.parallel:loop closed
[43.830s] DEBUG:colcon.colcon_parallel_executor.executor.parallel:run_until_complete finished with '2'
[43.831s] DEBUG:colcon.colcon_core.event_reactor:joining thread
[43.875s] INFO:colcon.colcon_core.plugin_system:Skipping extension 'colcon_notification.desktop_notification.notify_send': Could not find 'notify-send'
[43.877s] INFO:colcon.colcon_core.plugin_system:Skipping extension 'colcon_notification.desktop_notification.terminal_notifier': Not used on non-Darwin systems
[43.878s] INFO:colcon.colcon_core.plugin_system:Skipping extension 'colcon_notification.desktop_notification.win32': Not used on non-Windows systems
[43.880s] INFO:colcon.colcon_notification.desktop_notification:Sending desktop notification using 'notify2'
[43.886s] DEBUG:colcon.colcon_notification.desktop_notification.notify2:Failed to initialize notify2: org.freedesktop.DBus.Error.Spawn.ExecFailed: /usr/bin/dbus-launch terminated abnormally without any error message
[43.886s] DEBUG:colcon.colcon_core.event_reactor:joined thread
[43.888s] INFO:colcon.colcon_core.shell:Creating prefix script '/sick_visionary_ros2/sick_visionary_ros2/install/local_setup.ps1'
[43.903s] INFO:colcon.colcon_core.shell:Creating prefix util module '/sick_visionary_ros2/sick_visionary_ros2/install/_local_setup_util_ps1.py'
[43.921s] INFO:colcon.colcon_core.shell:Creating prefix chain script '/sick_visionary_ros2/sick_visionary_ros2/install/setup.ps1'
[43.935s] INFO:colcon.colcon_core.shell:Creating prefix script '/sick_visionary_ros2/sick_visionary_ros2/install/local_setup.sh'
[43.949s] INFO:colcon.colcon_core.shell:Creating prefix util module '/sick_visionary_ros2/sick_visionary_ros2/install/_local_setup_util_sh.py'
[43.961s] INFO:colcon.colcon_core.shell:Creating prefix chain script '/sick_visionary_ros2/sick_visionary_ros2/install/setup.sh'
[43.975s] INFO:colcon.colcon_core.shell:Creating prefix script '/sick_visionary_ros2/sick_visionary_ros2/install/local_setup.bash'
[43.988s] INFO:colcon.colcon_core.shell:Creating prefix chain script '/sick_visionary_ros2/sick_visionary_ros2/install/setup.bash'
[44.003s] INFO:colcon.colcon_core.shell:Creating prefix script '/sick_visionary_ros2/sick_visionary_ros2/install/local_setup.zsh'
[44.017s] INFO:colcon.colcon_core.shell:Creating prefix chain script '/sick_visionary_ros2/sick_visionary_ros2/install/setup.zsh'
