[0.128s] Invoking command in '/sick_visionary_ros2/sick_visionary_ros2/build/sick_visionary_ros2': CMAKE_PREFIX_PATH=/opt/ros/humble /usr/bin/cmake --build /sick_visionary_ros2/sick_visionary_ros2/build/sick_visionary_ros2 -- -j20 -l20
[0.339s] -- Found ament_cmake: 1.3.10 (/opt/ros/humble/share/ament_cmake/cmake)
[0.650s] -- Found ament_lint_auto: 0.12.11 (/opt/ros/humble/share/ament_lint_auto/cmake)
[0.865s] -- Found cv_bridge: 3.2.1 (/opt/ros/humble/share/cv_bridge/cmake)
[0.970s] -- Found rosidl_generator_c: 3.1.5 (/opt/ros/humble/share/rosidl_generator_c/cmake)
[0.981s] -- Found rosidl_adapter: 3.1.5 (/opt/ros/humble/share/rosidl_adapter/cmake)
[1.001s] -- Found rosidl_generator_cpp: 3.1.5 (/opt/ros/humble/share/rosidl_generator_cpp/cmake)
[1.044s] -- Using all available rosidl_typesupport_c: rosidl_typesupport_fastrtps_c;rosidl_typesupport_introspection_c
[1.089s] -- Using all available rosidl_typesupport_cpp: rosidl_typesupport_fastrtps_cpp;rosidl_typesupport_introspection_cpp
[1.237s] -- Found rclcpp: 16.0.10 (/opt/ros/humble/share/rclcpp/cmake)
[1.321s] -- Found rmw_implementation_cmake: 6.1.2 (/opt/ros/humble/share/rmw_implementation_cmake/cmake)
[1.339s] -- Found rmw_fastrtps_cpp: 6.2.7 (/opt/ros/humble/share/rmw_fastrtps_cpp/cmake)
[1.551s] -- Found OpenSSL: /usr/lib/x86_64-linux-gnu/libcrypto.so (found version "3.0.2")  
[1.703s] -- Found FastRTPS: /opt/ros/humble/include  
[1.934s] -- Using RMW implementation 'rmw_fastrtps_cpp' as default
[2.037s] -- Looking for pthread.h
[2.975s] -- Looking for pthread.h - found
[2.999s] -- Performing Test CMAKE_HAVE_LIBC_PTHREAD
[3.882s] -- Performing Test CMAKE_HAVE_LIBC_PTHREAD - Success
[3.892s] -- Found Threads: TRUE  
[4.069s] [31mCMake Error at CMakeLists.txt:31 (find_package):
[4.071s]   By not providing "Finddiagnostic_updater.cmake" in CMAKE_MODULE_PATH this
[4.073s]   project has asked CMake to find a package configuration file provided by
[4.076s]   "diagnostic_updater", but CMake did not find one.
[4.078s] 
[4.080s]   Could not find a package configuration file provided by
[4.082s]   "diagnostic_updater" with any of the following names:
[4.084s] 
[4.087s]     diagnostic_updaterConfig.cmake
[4.090s]     diagnostic_updater-config.cmake
[4.091s] 
[4.094s]   Add the installation prefix of "diagnostic_updater" to CMAKE_PREFIX_PATH or
[4.096s]   set "diagnostic_updater_DIR" to a directory containing one of the above
[4.100s]   files.  If "diagnostic_updater" provides a separate development package or
[4.102s]   SDK, be sure it has been installed.
[4.104s] 
[4.106s] [0m
[4.108s] -- Configuring incomplete, errors occurred!
[4.110s] See also "/sick_visionary_ros2/sick_visionary_ros2/build/sick_visionary_ros2/CMakeFiles/CMakeOutput.log".
[4.113s] gmake: *** [Makefile:226: cmake_check_build_system] Error 1
[4.116s] Invoked command in '/sick_visionary_ros2/sick_visionary_ros2/build/sick_visionary_ros2' returned '2': CMAKE_PREFIX_PATH=/opt/ros/humble /usr/bin/cmake --build /sick_visionary_ros2/sick_visionary_ros2/build/sick_visionary_ros2 -- -j20 -l20
