[0.089s] Invoking command in '/sick_visionary_ros2/sick_visionary_ros2/build/sick_visionary_ros2': CMAKE_PREFIX_PATH=/opt/ros/humble /usr/bin/cmake --build /sick_visionary_ros2/sick_visionary_ros2/build/sick_visionary_ros2 -- -j20 -l20
[0.273s] -- Found ament_cmake: 1.3.10 (/opt/ros/humble/share/ament_cmake/cmake)
[0.580s] -- Found ament_lint_auto: 0.12.11 (/opt/ros/humble/share/ament_lint_auto/cmake)
[0.902s] [31mCMake Error at CMakeLists.txt:27 (find_package):
[0.904s]   By not providing "Findcatkin.cmake" in CMAKE_MODULE_PATH this project has
[0.907s]   asked CMake to find a package configuration file provided by "catkin", but
[0.913s]   CMake did not find one.
[0.915s] 
[0.916s]   Could not find a package configuration file provided by "catkin" with any
[0.917s]   of the following names:
[0.919s] 
[0.920s]     catkinConfig.cmake
[0.922s]     catkin-config.cmake
[0.924s] 
[0.929s]   Add the installation prefix of "catkin" to CMAKE_PREFIX_PATH or set
[0.931s]   "catkin_DIR" to a directory containing one of the above files.  If "catkin"
[0.933s]   provides a separate development package or SDK, be sure it has been
[0.937s]   installed.
[0.942s] 
[0.946s] [0m
[0.949s] -- Configuring incomplete, errors occurred!
[0.953s] See also "/sick_visionary_ros2/sick_visionary_ros2/build/sick_visionary_ros2/CMakeFiles/CMakeOutput.log".
[0.957s] gmake: *** [Makefile:226: cmake_check_build_system] Error 1
[0.960s] Invoked command in '/sick_visionary_ros2/sick_visionary_ros2/build/sick_visionary_ros2' returned '2': CMAKE_PREFIX_PATH=/opt/ros/humble /usr/bin/cmake --build /sick_visionary_ros2/sick_visionary_ros2/build/sick_visionary_ros2 -- -j20 -l20
