[0.170s] Invoking command in '/sick_visionary_ros2/sick_visionary_ros2/build/sick_visionary_ros2': CMAKE_PREFIX_PATH=/opt/ros/humble /usr/bin/cmake --build /sick_visionary_ros2/sick_visionary_ros2/build/sick_visionary_ros2 -- -j20 -l20
[0.376s] -- Found ament_cmake: 1.3.10 (/opt/ros/humble/share/ament_cmake/cmake)
[0.663s] -- Found ament_lint_auto: 0.12.11 (/opt/ros/humble/share/ament_lint_auto/cmake)
[0.832s] -- Found cv_bridge: 3.2.1 (/opt/ros/humble/share/cv_bridge/cmake)
[0.871s] -- Found rosidl_generator_c: 3.1.5 (/opt/ros/humble/share/rosidl_generator_c/cmake)
[0.874s] -- Found rosidl_adapter: 3.1.5 (/opt/ros/humble/share/rosidl_adapter/cmake)
[0.881s] -- Found rosidl_generator_cpp: 3.1.5 (/opt/ros/humble/share/rosidl_generator_cpp/cmake)
[0.904s] -- Using all available rosidl_typesupport_c: rosidl_typesupport_fastrtps_c;rosidl_typesupport_introspection_c
[0.935s] -- Using all available rosidl_typesupport_cpp: rosidl_typesupport_fastrtps_cpp;rosidl_typesupport_introspection_cpp
[1.023s] -- Found rclcpp: 16.0.10 (/opt/ros/humble/share/rclcpp/cmake)
[1.058s] -- Found rmw_implementation_cmake: 6.1.2 (/opt/ros/humble/share/rmw_implementation_cmake/cmake)
[1.071s] -- Found rmw_fastrtps_cpp: 6.2.7 (/opt/ros/humble/share/rmw_fastrtps_cpp/cmake)
[1.688s] -- Using RMW implementation 'rmw_fastrtps_cpp' as default
[1.747s] -- Found diagnostic_updater: 4.0.0 (/opt/ros/humble/share/diagnostic_updater/cmake)
[1.787s] [31mCMake Error at CMakeLists.txt:32 (find_package):
[1.789s]   find_package called with invalid argument "Required"
[1.791s] 
[1.793s] [0m
[1.806s] -- Found Boost: /usr/lib/x86_64-linux-gnu/cmake/Boost-1.74.0/BoostConfig.cmake (found version "1.74.0") found components: system 
[1.814s] -- Found OpenCV: /usr (found version "4.5.4") 
[1.838s] -- Checking for module 'eigen3'
[1.853s] --   Found eigen3, version 3.4.0
[1.886s] -- Found Eigen: /usr/include/eigen3 (Required is at least version "3.1") 
[1.887s] -- Eigen found (include: /usr/include/eigen3, version: 3.4.0)
[1.904s] -- Found Boost: /usr/lib/x86_64-linux-gnu/cmake/Boost-1.74.0/BoostConfig.cmake (found suitable version "1.74.0", minimum required is "1.65.0") found components: system filesystem date_time iostreams serialization 
[2.011s] -- Checking for module 'flann'
[2.028s] --   Found flann, version 1.9.1
[2.151s] -- Found FLANN: /usr/lib/x86_64-linux-gnu/libflann_cpp.so  
[2.152s] -- FLANN found (include: /usr/include, lib: /usr/lib/x86_64-linux-gnu/libflann_cpp.so)
[2.198s] -- Found GLEW: /usr/lib/x86_64-linux-gnu/libGLEW.so  
[2.262s] -- Found OpenGL: /usr/lib/x86_64-linux-gnu/libOpenGL.so  found components: OpenGL GLX 
[4.198s] -- Found MPI_C: /usr/lib/x86_64-linux-gnu/libmpi.so (found version "3.1") 
[4.199s] -- Found MPI: TRUE (found version "3.1") found components: C 
[4.201s] -- Found JsonCpp: /usr/lib/x86_64-linux-gnu/libjsoncpp.so (found suitable version "1.9.5", minimum required is "0.7.0") 
[4.321s] -- Found ZLIB: /usr/lib/x86_64-linux-gnu/libz.so (found version "1.2.11") 
[4.429s] -- Found PNG: /usr/lib/x86_64-linux-gnu/libpng.so (found version "1.6.37") 
[4.455s] -- Found Eigen3: /usr/include/eigen3 (found version "3.4.0") 
[4.718s] -- Found X11: /usr/include   
[4.720s] -- Looking for XOpenDisplay in /usr/lib/x86_64-linux-gnu/libX11.so;/usr/lib/x86_64-linux-gnu/libXext.so
[5.778s] -- Looking for XOpenDisplay in /usr/lib/x86_64-linux-gnu/libX11.so;/usr/lib/x86_64-linux-gnu/libXext.so - found
[5.784s] -- Looking for gethostbyname
[6.541s] -- Looking for gethostbyname - found
[6.552s] -- Looking for connect
[7.379s] -- Looking for connect - found
[7.387s] -- Looking for remove
[8.212s] -- Looking for remove - found
[8.217s] -- Looking for shmat
[8.929s] -- Looking for shmat - found
[8.935s] -- Looking for IceConnectionNumber in ICE
[9.672s] -- Looking for IceConnectionNumber in ICE - found
[9.917s] -- Found EXPAT: /usr/lib/x86_64-linux-gnu/libexpat.so (found version "2.4.7") 
[9.920s] -- Found double-conversion: /usr/lib/x86_64-linux-gnu/libdouble-conversion.so  
[9.924s] -- Found LZ4: /usr/lib/x86_64-linux-gnu/liblz4.so (found version "1.9.3") 
[9.928s] -- Found LZMA: /usr/lib/x86_64-linux-gnu/liblzma.so (found version "5.2.5") 
[9.984s] -- Found JPEG: /usr/lib/x86_64-linux-gnu/libjpeg.so (found version "80") 
[10.037s] -- Found TIFF: /usr/lib/x86_64-linux-gnu/libtiff.so (found version "4.3.0")  
[10.044s] -- Found Freetype: /usr/lib/x86_64-linux-gnu/libfreetype.so (found version "2.11.1") 
[10.055s] -- Found utf8cpp: /usr/include/utf8cpp  
[10.155s] -- Checking for module 'libusb-1.0'
[10.170s] --   Found libusb-1.0, version 1.0.25
[10.209s] -- Found libusb: /usr/lib/x86_64-linux-gnu/libusb-1.0.so  
[10.211s] -- Found OpenNI: /usr/lib/libOpenNI.so;libusb::libusb (found version "1.5.4.0") 
[10.213s] -- OpenNI found (version: 1.5.4.0, include: /usr/include/ni, lib: /usr/lib/libOpenNI.so;libusb::libusb)
[10.270s] -- Found OpenNI2: /usr/lib/x86_64-linux-gnu/libOpenNI2.so;libusb::libusb (found version "2.2.0.33") 
[10.271s] -- OpenNI2 found (version: 2.2.0.33, include: /usr/include/openni2, lib: /usr/lib/x86_64-linux-gnu/libOpenNI2.so;libusb::libusb)
[10.273s] [0m** WARNING ** io features related to pcap will be disabled[0m
[10.910s] -- Eigen found (include: /usr/include/eigen3, version: 3.4.0)
[10.918s] -- OpenNI found (version: 1.5.4.0, include: /usr/include/ni, lib: /usr/lib/libOpenNI.so;libusb::libusb)
[10.929s] -- OpenNI2 found (version: 2.2.0.33, include: /usr/include/openni2, lib: /usr/lib/x86_64-linux-gnu/libOpenNI2.so;libusb::libusb)
[11.586s] -- Found Qhull version 8.0.2
[12.235s] -- OpenNI found (version: 1.5.4.0, include: /usr/include/ni, lib: /usr/lib/libOpenNI.so;libusb::libusb)
[12.912s] -- looking for PCL_COMMON
[12.913s] -- Found PCL_COMMON: /usr/lib/x86_64-linux-gnu/libpcl_common.so  
[12.915s] -- looking for PCL_KDTREE
[12.916s] -- Found PCL_KDTREE: /usr/lib/x86_64-linux-gnu/libpcl_kdtree.so  
[12.917s] -- looking for PCL_OCTREE
[12.919s] -- Found PCL_OCTREE: /usr/lib/x86_64-linux-gnu/libpcl_octree.so  
[12.920s] -- looking for PCL_SEARCH
[12.921s] -- Found PCL_SEARCH: /usr/lib/x86_64-linux-gnu/libpcl_search.so  
[12.923s] -- looking for PCL_SAMPLE_CONSENSUS
[12.924s] -- Found PCL_SAMPLE_CONSENSUS: /usr/lib/x86_64-linux-gnu/libpcl_sample_consensus.so  
[12.925s] -- looking for PCL_FILTERS
[12.926s] -- Found PCL_FILTERS: /usr/lib/x86_64-linux-gnu/libpcl_filters.so  
[12.927s] -- looking for PCL_2D
[12.928s] -- Found PCL_2D: /usr/include/pcl-1.12  
[12.930s] -- looking for PCL_GEOMETRY
[12.931s] -- Found PCL_GEOMETRY: /usr/include/pcl-1.12  
[12.932s] -- looking for PCL_IO
[12.934s] -- Found PCL_IO: /usr/lib/x86_64-linux-gnu/libpcl_io.so  
[12.935s] -- looking for PCL_FEATURES
[12.936s] -- Found PCL_FEATURES: /usr/lib/x86_64-linux-gnu/libpcl_features.so  
[12.937s] -- looking for PCL_ML
[12.938s] -- Found PCL_ML: /usr/lib/x86_64-linux-gnu/libpcl_ml.so  
[12.940s] -- looking for PCL_SEGMENTATION
[12.942s] -- Found PCL_SEGMENTATION: /usr/lib/x86_64-linux-gnu/libpcl_segmentation.so  
[12.943s] -- looking for PCL_VISUALIZATION
[12.944s] -- Found PCL_VISUALIZATION: /usr/lib/x86_64-linux-gnu/libpcl_visualization.so  
[12.945s] -- looking for PCL_SURFACE
[12.946s] -- Found PCL_SURFACE: /usr/lib/x86_64-linux-gnu/libpcl_surface.so  
[12.947s] -- looking for PCL_REGISTRATION
[12.948s] -- Found PCL_REGISTRATION: /usr/lib/x86_64-linux-gnu/libpcl_registration.so  
[12.950s] -- looking for PCL_KEYPOINTS
[12.951s] -- Found PCL_KEYPOINTS: /usr/lib/x86_64-linux-gnu/libpcl_keypoints.so  
[12.952s] -- looking for PCL_TRACKING
[12.953s] -- Found PCL_TRACKING: /usr/lib/x86_64-linux-gnu/libpcl_tracking.so  
[12.954s] -- looking for PCL_RECOGNITION
[12.955s] -- Found PCL_RECOGNITION: /usr/lib/x86_64-linux-gnu/libpcl_recognition.so  
[12.956s] -- looking for PCL_STEREO
[12.958s] -- Found PCL_STEREO: /usr/lib/x86_64-linux-gnu/libpcl_stereo.so  
[12.959s] -- looking for PCL_APPS
[12.960s] -- Found PCL_APPS: /usr/lib/x86_64-linux-gnu/libpcl_apps.so  
[12.962s] -- looking for PCL_IN_HAND_SCANNER
[12.963s] -- Found PCL_IN_HAND_SCANNER: /usr/include/pcl-1.12  
[12.964s] -- looking for PCL_MODELER
[12.965s] -- Found PCL_MODELER: /usr/include/pcl-1.12  
[12.966s] -- looking for PCL_POINT_CLOUD_EDITOR
[12.967s] -- Found PCL_POINT_CLOUD_EDITOR: /usr/include/pcl-1.12  
[12.968s] -- looking for PCL_OUTOFCORE
[12.969s] -- Found PCL_OUTOFCORE: /usr/lib/x86_64-linux-gnu/libpcl_outofcore.so  
[12.970s] -- looking for PCL_PEOPLE
[12.971s] -- Found PCL_PEOPLE: /usr/lib/x86_64-linux-gnu/libpcl_people.so  
[12.973s] -- Found PCL: pcl_common;pcl_kdtree;pcl_octree;pcl_search;pcl_sample_consensus;pcl_filters;pcl_io;pcl_features;pcl_ml;pcl_segmentation;pcl_visualization;pcl_surface;pcl_registration;pcl_keypoints;pcl_tracking;pcl_recognition;pcl_stereo;pcl_apps;pcl_outofcore;pcl_people;Boost::system;Boost::filesystem;Boost::date_time;Boost::iostreams;Boost::serialization;/usr/lib/libOpenNI.so;libusb::libusb;/usr/lib/x86_64-linux-gnu/libOpenNI2.so;libusb::libusb;VTK::ChartsCore;VTK::CommonColor;VTK::CommonComputationalGeometry;VTK::CommonCore;VTK::CommonDataModel;VTK::CommonExecutionModel;VTK::CommonMath;VTK::CommonMisc;VTK::CommonTransforms;VTK::FiltersCore;VTK::FiltersExtraction;VTK::FiltersGeneral;VTK::FiltersGeometry;VTK::FiltersModeling;VTK::FiltersSources;VTK::ImagingCore;VTK::ImagingSources;VTK::InteractionImage;VTK::InteractionStyle;VTK::InteractionWidgets;VTK::IOCore;VTK::IOGeometry;VTK::IOImage;VTK::IOLegacy;VTK::IOPLY;VTK::RenderingAnnotation;VTK::RenderingCore;VTK::RenderingContext2D;VTK::RenderingLOD;VTK::RenderingFreeType;VTK::ViewsCore;VTK::ViewsContext2D;VTK::RenderingOpenGL2;VTK::GUISupportQt;FLANN::FLANN;QHULL::QHULL (Required is at least version "1.3") 
[12.974s] [31mCMake Error at CMakeLists.txt:64 (add_subdirectory):
[12.975s]   add_subdirectory given source "sick_visionary_cpp_shared" which is not an
[12.976s]   existing directory.
[12.977s] 
[12.978s] [0m
[12.979s] [31mCMake Error at CMakeLists.txt:95 (install):
[12.981s]   install DIRECTORY given no DESTINATION!
[12.982s] 
[12.983s] [0m
[25.024s] -- Added test 'cppcheck' to perform static code analysis on C / C++ code
[25.025s] -- Configured cppcheck include dirs: /sick_visionary_ros2/sick_visionary_ros2/include;/sick_visionary_ros2/sick_visionary_ros2/sick_visionary_cpp_shared
[25.027s] -- Configured cppcheck exclude dirs and/or files: 
[26.288s] -- Added test 'flake8' to check Python code syntax and style conventions
[28.904s] -- Added test 'lint_cmake' to check CMake code style
[30.439s] -- Added test 'pep257' to check Python code against some of the docstring style conventions in PEP 257
[42.145s] -- Added test 'uncrustify' to check C / C++ code style
[42.147s] -- Configured uncrustify additional arguments: 
[43.514s] -- Added test 'xmllint' to check XML markup files
[43.667s] -- Configuring incomplete, errors occurred!
[43.669s] See also "/sick_visionary_ros2/sick_visionary_ros2/build/sick_visionary_ros2/CMakeFiles/CMakeOutput.log".
[43.718s] gmake: *** [Makefile:226: cmake_check_build_system] Error 1
[43.721s] Invoked command in '/sick_visionary_ros2/sick_visionary_ros2/build/sick_visionary_ros2' returned '2': CMAKE_PREFIX_PATH=/opt/ros/humble /usr/bin/cmake --build /sick_visionary_ros2/sick_visionary_ros2/build/sick_visionary_ros2 -- -j20 -l20
