[0.088s] Invoking command in '/sick_visionary_ros2/build/sick_visionary_ros': /usr/bin/cmake /sick_visionary_ros2 -DCATKIN_INSTALL_INTO_PREFIX_ROOT=0 -DCMAKE_INSTALL_PREFIX=/sick_visionary_ros2/install/sick_visionary_ros
[0.448s] -- The CXX compiler identification is GNU 11.4.0
[0.535s] -- Detecting CXX compiler ABI info
[1.605s] -- Detecting CXX compiler ABI info - done
[1.641s] -- Check for working CXX compiler: /usr/bin/c++ - skipped
[1.643s] -- Detecting CXX compile features
[1.644s] -- Detecting CXX compile features - done
[1.812s] [31mCMake Error at CMakeLists.txt:7 (find_package):
[1.813s]   By not providing "Findcatkin.cmake" in CMAKE_MODULE_PATH this project has
[1.816s]   asked CMake to find a package configuration file provided by "catkin", but
[1.818s]   CMake did not find one.
[1.819s] 
[1.820s]   Could not find a package configuration file provided by "catkin" with any
[1.822s]   of the following names:
[1.823s] 
[1.824s]     catkinConfig.cmake
[1.827s]     catkin-config.cmake
[1.828s] 
[1.830s]   Add the installation prefix of "catkin" to CMAKE_PREFIX_PATH or set
[1.831s]   "catkin_DIR" to a directory containing one of the above files.  If "catkin"
[1.832s]   provides a separate development package or SDK, be sure it has been
[1.834s]   installed.
[1.835s] 
[1.836s] [0m
[1.838s] -- Configuring incomplete, errors occurred!
[1.839s] See also "/sick_visionary_ros2/build/sick_visionary_ros/CMakeFiles/CMakeOutput.log".
[1.840s] Invoked command in '/sick_visionary_ros2/build/sick_visionary_ros' returned '1': /usr/bin/cmake /sick_visionary_ros2 -DCATKIN_INSTALL_INTO_PREFIX_ROOT=0 -DCMAKE_INSTALL_PREFIX=/sick_visionary_ros2/install/sick_visionary_ros
