[0.108s] Invoking command in '/sick_visionary_ros2/sick_visionary_ros2/build/sick_visionary_ros2': CMAKE_PREFIX_PATH=/opt/ros/humble /usr/bin/cmake --build /sick_visionary_ros2/sick_visionary_ros2/build/sick_visionary_ros2 -- -j20 -l20
[0.290s] -- Found ament_cmake: 1.3.10 (/opt/ros/humble/share/ament_cmake/cmake)
[0.569s] -- Found ament_lint_auto: 0.12.11 (/opt/ros/humble/share/ament_lint_auto/cmake)
[0.761s] -- Found cv_bridge: 3.2.1 (/opt/ros/humble/share/cv_bridge/cmake)
[0.816s] -- Found rosidl_generator_c: 3.1.5 (/opt/ros/humble/share/rosidl_generator_c/cmake)
[0.821s] -- Found rosidl_adapter: 3.1.5 (/opt/ros/humble/share/rosidl_adapter/cmake)
[0.859s] -- Found rosidl_generator_cpp: 3.1.5 (/opt/ros/humble/share/rosidl_generator_cpp/cmake)
[0.880s] -- Using all available rosidl_typesupport_c: rosidl_typesupport_fastrtps_c;rosidl_typesupport_introspection_c
[0.919s] -- Using all available rosidl_typesupport_cpp: rosidl_typesupport_fastrtps_cpp;rosidl_typesupport_introspection_cpp
[1.016s] -- Found rclcpp: 16.0.10 (/opt/ros/humble/share/rclcpp/cmake)
[1.051s] -- Found rmw_implementation_cmake: 6.1.2 (/opt/ros/humble/share/rmw_implementation_cmake/cmake)
[1.064s] -- Found rmw_fastrtps_cpp: 6.2.7 (/opt/ros/humble/share/rmw_fastrtps_cpp/cmake)
[1.593s] -- Using RMW implementation 'rmw_fastrtps_cpp' as default
[1.648s] -- Found diagnostic_updater: 4.0.0 (/opt/ros/humble/share/diagnostic_updater/cmake)
[1.680s] -- Found image_transport: 3.1.9 (/opt/ros/humble/share/image_transport/cmake)
[1.839s] -- Found Boost: /usr/lib/x86_64-linux-gnu/cmake/Boost-1.74.0/BoostConfig.cmake (found version "1.74.0") found components: system 
[1.867s] -- Eigen found (include: /usr/include/eigen3, version: 3.4.0)
[1.881s] -- Found Boost: /usr/lib/x86_64-linux-gnu/cmake/Boost-1.74.0/BoostConfig.cmake (found suitable version "1.74.0", minimum required is "1.65.0") found components: system filesystem date_time iostreams serialization 
[2.081s] -- FLANN found (include: /usr/include, lib: /usr/lib/x86_64-linux-gnu/libflann_cpp.so)
[4.428s] -- OpenNI found (version: 1.5.4.0, include: /usr/include/ni, lib: /usr/lib/libOpenNI.so;libusb::libusb)
[4.437s] -- OpenNI2 found (version: 2.2.0.33, include: /usr/include/openni2, lib: /usr/lib/x86_64-linux-gnu/libOpenNI2.so;libusb::libusb)
[4.438s] [0m** WARNING ** io features related to pcap will be disabled[0m
[5.014s] -- Eigen found (include: /usr/include/eigen3, version: 3.4.0)
[5.023s] -- OpenNI found (version: 1.5.4.0, include: /usr/include/ni, lib: /usr/lib/libOpenNI.so;libusb::libusb)
[5.032s] -- OpenNI2 found (version: 2.2.0.33, include: /usr/include/openni2, lib: /usr/lib/x86_64-linux-gnu/libOpenNI2.so;libusb::libusb)
[5.628s] -- Found Qhull version 8.0.2
[6.339s] -- OpenNI found (version: 1.5.4.0, include: /usr/include/ni, lib: /usr/lib/libOpenNI.so;libusb::libusb)
[6.944s] -- looking for PCL_COMMON
[6.947s] -- looking for PCL_KDTREE
[6.948s] -- looking for PCL_OCTREE
[6.950s] -- looking for PCL_SEARCH
[6.951s] -- looking for PCL_SAMPLE_CONSENSUS
[6.952s] -- looking for PCL_FILTERS
[6.954s] -- looking for PCL_2D
[6.955s] -- looking for PCL_GEOMETRY
[6.957s] -- looking for PCL_IO
[6.959s] -- looking for PCL_FEATURES
[6.960s] -- looking for PCL_ML
[6.962s] -- looking for PCL_SEGMENTATION
[6.964s] -- looking for PCL_VISUALIZATION
[6.966s] -- looking for PCL_SURFACE
[6.967s] -- looking for PCL_REGISTRATION
[6.968s] -- looking for PCL_KEYPOINTS
[6.971s] -- looking for PCL_TRACKING
[6.972s] -- looking for PCL_RECOGNITION
[6.974s] -- looking for PCL_STEREO
[6.976s] -- looking for PCL_APPS
[6.978s] -- looking for PCL_IN_HAND_SCANNER
[6.980s] -- looking for PCL_MODELER
[6.982s] -- looking for PCL_POINT_CLOUD_EDITOR
[6.984s] -- looking for PCL_OUTOFCORE
[6.985s] -- looking for PCL_PEOPLE
[6.987s] [31mCMake Error at CMakeLists.txt:64 (add_subdirectory):
[6.988s]   add_subdirectory given source "sick_visionary_cpp_shared" which is not an
[6.990s]   existing directory.
[6.991s] 
[6.993s] [0m
[6.994s] [31mCMake Error at CMakeLists.txt:93 (install):
[6.996s]   install DIRECTORY given no DESTINATION!
[6.998s] 
[7.000s] [0m
[18.623s] -- Added test 'cppcheck' to perform static code analysis on C / C++ code
[18.625s] -- Configured cppcheck include dirs: /sick_visionary_ros2/sick_visionary_ros2/include;/sick_visionary_ros2/sick_visionary_ros2/sick_visionary_cpp_shared
[18.626s] -- Configured cppcheck exclude dirs and/or files: 
[19.883s] -- Added test 'flake8' to check Python code syntax and style conventions
[22.676s] -- Added test 'lint_cmake' to check CMake code style
[24.233s] -- Added test 'pep257' to check Python code against some of the docstring style conventions in PEP 257
[35.282s] -- Added test 'uncrustify' to check C / C++ code style
[35.284s] -- Configured uncrustify additional arguments: 
[36.792s] -- Added test 'xmllint' to check XML markup files
[36.926s] -- Configuring incomplete, errors occurred!
[36.927s] See also "/sick_visionary_ros2/sick_visionary_ros2/build/sick_visionary_ros2/CMakeFiles/CMakeOutput.log".
[36.998s] gmake: *** [Makefile:226: cmake_check_build_system] Error 1
[37.001s] Invoked command in '/sick_visionary_ros2/sick_visionary_ros2/build/sick_visionary_ros2' returned '2': CMAKE_PREFIX_PATH=/opt/ros/humble /usr/bin/cmake --build /sick_visionary_ros2/sick_visionary_ros2/build/sick_visionary_ros2 -- -j20 -l20
